-------------------------------------------------------------------------------
Test set: com.ulflander.mining.processors.extract.POSTaggerTest
-------------------------------------------------------------------------------
Tests run: 2, Failures: 0, Errors: 2, Skipped: 0, Time elapsed: 16.207 sec <<< FAILURE! - in com.ulflander.mining.processors.extract.POSTaggerTest
basicTest(com.ulflander.mining.processors.extract.POSTaggerTest)  Time elapsed: 13.208 sec  <<< ERROR!
java.lang.OutOfMemoryError: Java heap space
	at java.util.Arrays.copyOf(Arrays.java:2882)
	at java.lang.AbstractStringBuilder.expandCapacity(AbstractStringBuilder.java:100)
	at java.lang.AbstractStringBuilder.append(AbstractStringBuilder.java:390)
	at java.lang.StringBuilder.append(StringBuilder.java:119)
	at com.ulflander.application.utils.UlfFileUtils.read(UlfFileUtils.java:77)
	at com.ulflander.application.utils.UlfFileUtils.read(UlfFileUtils.java:48)
	at com.ulflander.mining.processors.extract.TokenCorpusGuesser.init(TokenCorpusGuesser.java:124)
	at com.ulflander.mining.processors.ProcessorFactory.get(ProcessorFactory.java:68)
	at com.ulflander.mining.ProcessingExecutor.process(ProcessingExecutor.java:143)
	at com.ulflander.MinethatTestService.submit(MinethatTestService.java:123)
	at com.ulflander.mining.processors.extract.POSTaggerTest.basicTest(POSTaggerTest.java:48)

entitiesTest(com.ulflander.mining.processors.extract.POSTaggerTest)  Time elapsed: 2.631 sec  <<< ERROR!
java.lang.OutOfMemoryError: Java heap space
	at java.util.Arrays.copyOf(Arrays.java:2882)
	at java.lang.AbstractStringBuilder.expandCapacity(AbstractStringBuilder.java:100)
	at java.lang.AbstractStringBuilder.append(AbstractStringBuilder.java:390)
	at java.lang.StringBuilder.append(StringBuilder.java:119)
	at com.ulflander.application.utils.UlfFileUtils.read(UlfFileUtils.java:77)
	at com.ulflander.application.utils.UlfFileUtils.read(UlfFileUtils.java:48)
	at com.ulflander.mining.processors.extract.TokenCorpusGuesser.init(TokenCorpusGuesser.java:124)
	at com.ulflander.mining.processors.ProcessorFactory.get(ProcessorFactory.java:68)
	at com.ulflander.mining.ProcessingExecutor.process(ProcessingExecutor.java:143)
	at com.ulflander.MinethatTestService.submit(MinethatTestService.java:123)
	at com.ulflander.mining.processors.extract.POSTaggerTest.entitiesTest(POSTaggerTest.java:56)

