<?xml version="1.0" encoding="UTF-8"?>
<testsuite name="com.ulflander.mining.processors.extract.TokenRegExpGuesserTest" time="6.61" tests="10" errors="0" skipped="0" failures="5">
  <properties>
[...]
</properties>
  <testcase name="EmailTokenTypeTest" classname="com.ulflander.mining.processors.extract.TokenRegExpGuesserTest" time="6.476">
    <failure message="Simple sentence of 4 words with email should return email as fourth token kind expected:&lt;2&gt; but was:&lt;0&gt;" type="java.lang.AssertionError"><![CDATA[java.lang.AssertionError: Simple sentence of 4 words with email should return email as fourth token kind expected:<2> but was:<0>
	at org.junit.Assert.fail(Assert.java:88)
	at org.junit.Assert.failNotEquals(Assert.java:743)
	at org.junit.Assert.assertEquals(Assert.java:118)
	at org.junit.Assert.assertEquals(Assert.java:555)
	at com.ulflander.mining.processors.extract.TokenRegExpGuesserTest.EmailTokenTypeTest(TokenRegExpGuesserTest.java:88)
]]></failure>
    <system-out><![CDATA[2014-04-18 16:09:51,794 ERROR The database is not already authenticated so you must supply a username and password for the MongoDB provider.
2014-04-18 16:09:51,798 ERROR NoSQL provider not specified for appender [databaseAppender].
2014-04-18 16:09:51,806 ERROR Null object returned for NoSql in Appenders
16:09:51.884 [main] TRACE com.ulflander.application.Conf - Reading configuration for environment local
16:09:51.901 [main] DEBUG com.ulflander.application.ConfReader - Loading configuration from /Users/Ulflander/Development/minethat/conf/conf.local.sh
16:09:51.903 [main] DEBUG com.ulflander.MinethatTestService - Minethat starting...
16:09:51.972 [main] TRACE com.ulflander.mining.ProcessingExecutor -   - DOCUMENT ANALYSIS STARTED: My IP is xlaumonier@fmail.com
16:09:52.002 [main] TRACE com.ulflander.mining.ProcessingExecutor -   |  Processing DocumentCleaner: Clean and harmonize some chars on raw text before any treatment (line breaks chars, spaces chars, ...)
16:09:52.005 [main] TRACE com.ulflander.mining.ProcessingExecutor -   |  Processing DocumentSplitter: Split a document raw string to chapters, paragraphs, sentences and tokens
16:09:52.591 [main] TRACE com.ulflander.mining.ProcessingExecutor -   |  Processing LanguageDetector: Detects language of a document on the global document, then on each sentences. Uses https://code.google.com/p/language-detection/
16:09:52.855 [main] TRACE com.ulflander.mining.ProcessingExecutor -   |  Processing DocumentTokenizer: Tokenize each sentence, using different strategies depending on language.
16:09:52.884 [main] TRACE com.ulflander.mining.ProcessingExecutor -   |  Processing TokenCounter: Populates token counters with real numbers
16:09:52.886 [main] TRACE com.ulflander.mining.ProcessingExecutor -   |  Processing TokenCleaner: Clean tokens by removing some chars at the beginning or the end of the raw string
16:09:52.889 [main] WARN  com.ulflander.mining.processors.ProcessorsRequirements - Processor extract.TokenRegExpGuesser requires extract.TokenCorpusGuesser
16:09:52.889 [main] ERROR com.ulflander.mining.ProcessingExecutor - Processor [extract.TokenRegExpGuesser] called but requirements not met
16:09:52.889 [main] TRACE com.ulflander.mining.ProcessingExecutor -   - DOCUMENT ANALYSIS ENDED: Done in 917ms
]]></system-out>
  </testcase>
  <testcase name="HashTagTokenTypeTest" classname="com.ulflander.mining.processors.extract.TokenRegExpGuesserTest" time="0.007">
    <failure message="Simple sentence of 4 words with hashtag should return hashtag as fourth token kind expected:&lt;2&gt; but was:&lt;0&gt;" type="java.lang.AssertionError"><![CDATA[java.lang.AssertionError: Simple sentence of 4 words with hashtag should return hashtag as fourth token kind expected:<2> but was:<0>
	at org.junit.Assert.fail(Assert.java:88)
	at org.junit.Assert.failNotEquals(Assert.java:743)
	at org.junit.Assert.assertEquals(Assert.java:118)
	at org.junit.Assert.assertEquals(Assert.java:555)
	at com.ulflander.mining.processors.extract.TokenRegExpGuesserTest.HashTagTokenTypeTest(TokenRegExpGuesserTest.java:98)
]]></failure>
    <system-out><![CDATA[16:09:52.919 [main] DEBUG com.ulflander.MinethatTestService - Minethat starting...
16:09:52.919 [main] TRACE com.ulflander.mining.ProcessingExecutor -   - DOCUMENT ANALYSIS STARTED: My hash is #hash
16:09:52.920 [main] TRACE com.ulflander.mining.ProcessingExecutor -   |  Processing DocumentCleaner: Clean and harmonize some chars on raw text before any treatment (line breaks chars, spaces chars, ...)
16:09:52.920 [main] TRACE com.ulflander.mining.ProcessingExecutor -   |  Processing DocumentSplitter: Split a document raw string to chapters, paragraphs, sentences and tokens
16:09:52.921 [main] TRACE com.ulflander.mining.ProcessingExecutor -   |  Processing LanguageDetector: Detects language of a document on the global document, then on each sentences. Uses https://code.google.com/p/language-detection/
16:09:52.923 [main] TRACE com.ulflander.mining.ProcessingExecutor -   |  Processing DocumentTokenizer: Tokenize each sentence, using different strategies depending on language.
16:09:52.924 [main] TRACE com.ulflander.mining.ProcessingExecutor -   |  Processing TokenCounter: Populates token counters with real numbers
16:09:52.924 [main] TRACE com.ulflander.mining.ProcessingExecutor -   |  Processing TokenCleaner: Clean tokens by removing some chars at the beginning or the end of the raw string
16:09:52.925 [main] WARN  com.ulflander.mining.processors.ProcessorsRequirements - Processor extract.TokenRegExpGuesser requires extract.TokenCorpusGuesser
16:09:52.925 [main] ERROR com.ulflander.mining.ProcessingExecutor - Processor [extract.TokenRegExpGuesser] called but requirements not met
16:09:52.925 [main] TRACE com.ulflander.mining.ProcessingExecutor -   - DOCUMENT ANALYSIS ENDED: Done in 6ms
]]></system-out>
  </testcase>
  <testcase name="Bad3IPTokenTypeTest" classname="com.ulflander.mining.processors.extract.TokenRegExpGuesserTest" time="0.014"/>
  <testcase name="twitterUsernameTokenTypeTest" classname="com.ulflander.mining.processors.extract.TokenRegExpGuesserTest" time="0.008">
    <failure message="Simple sentence of 4 words with twitter username should return twitter username as fourth token kind expected:&lt;2&gt; but was:&lt;0&gt;" type="java.lang.AssertionError"><![CDATA[java.lang.AssertionError: Simple sentence of 4 words with twitter username should return twitter username as fourth token kind expected:<2> but was:<0>
	at org.junit.Assert.fail(Assert.java:88)
	at org.junit.Assert.failNotEquals(Assert.java:743)
	at org.junit.Assert.assertEquals(Assert.java:118)
	at org.junit.Assert.assertEquals(Assert.java:555)
	at com.ulflander.mining.processors.extract.TokenRegExpGuesserTest.twitterUsernameTokenTypeTest(TokenRegExpGuesserTest.java:118)
]]></failure>
    <system-out><![CDATA[16:09:52.941 [main] DEBUG com.ulflander.MinethatTestService - Minethat starting...
16:09:52.942 [main] TRACE com.ulflander.mining.ProcessingExecutor -   - DOCUMENT ANALYSIS STARTED: My hash is @xav
16:09:52.942 [main] TRACE com.ulflander.mining.ProcessingExecutor -   |  Processing DocumentCleaner: Clean and harmonize some chars on raw text before any treatment (line breaks chars, spaces chars, ...)
16:09:52.942 [main] TRACE com.ulflander.mining.ProcessingExecutor -   |  Processing DocumentSplitter: Split a document raw string to chapters, paragraphs, sentences and tokens
16:09:52.942 [main] TRACE com.ulflander.mining.ProcessingExecutor -   |  Processing LanguageDetector: Detects language of a document on the global document, then on each sentences. Uses https://code.google.com/p/language-detection/
16:09:52.944 [main] TRACE com.ulflander.mining.ProcessingExecutor -   |  Processing DocumentTokenizer: Tokenize each sentence, using different strategies depending on language.
16:09:52.944 [main] TRACE com.ulflander.mining.ProcessingExecutor -   |  Processing TokenCounter: Populates token counters with real numbers
16:09:52.944 [main] TRACE com.ulflander.mining.ProcessingExecutor -   |  Processing TokenCleaner: Clean tokens by removing some chars at the beginning or the end of the raw string
16:09:52.945 [main] WARN  com.ulflander.mining.processors.ProcessorsRequirements - Processor extract.TokenRegExpGuesser requires extract.TokenCorpusGuesser
16:09:52.946 [main] ERROR com.ulflander.mining.ProcessingExecutor - Processor [extract.TokenRegExpGuesser] called but requirements not met
16:09:52.946 [main] TRACE com.ulflander.mining.ProcessingExecutor -   - DOCUMENT ANALYSIS ENDED: Done in 4ms
]]></system-out>
  </testcase>
  <testcase name="IPTokenTypeTest" classname="com.ulflander.mining.processors.extract.TokenRegExpGuesserTest" time="0.014">
    <failure message="Simple sentence of 4 words with IP should return IP as fourth token kind expected:&lt;2&gt; but was:&lt;0&gt;" type="java.lang.AssertionError"><![CDATA[java.lang.AssertionError: Simple sentence of 4 words with IP should return IP as fourth token kind expected:<2> but was:<0>
	at org.junit.Assert.fail(Assert.java:88)
	at org.junit.Assert.failNotEquals(Assert.java:743)
	at org.junit.Assert.assertEquals(Assert.java:118)
	at org.junit.Assert.assertEquals(Assert.java:555)
	at com.ulflander.mining.processors.extract.TokenRegExpGuesserTest.IPTokenTypeTest(TokenRegExpGuesserTest.java:52)
]]></failure>
    <system-out><![CDATA[16:09:52.960 [main] DEBUG com.ulflander.MinethatTestService - Minethat starting...
16:09:52.961 [main] TRACE com.ulflander.mining.ProcessingExecutor -   - DOCUMENT ANALYSIS STARTED: My IP is 192.168.0.0
16:09:52.961 [main] TRACE com.ulflander.mining.ProcessingExecutor -   |  Processing DocumentCleaner: Clean and harmonize some chars on raw text before any treatment (line breaks chars, spaces chars, ...)
16:09:52.962 [main] TRACE com.ulflander.mining.ProcessingExecutor -   |  Processing DocumentSplitter: Split a document raw string to chapters, paragraphs, sentences and tokens
16:09:52.963 [main] TRACE com.ulflander.mining.ProcessingExecutor -   |  Processing LanguageDetector: Detects language of a document on the global document, then on each sentences. Uses https://code.google.com/p/language-detection/
16:09:52.967 [main] TRACE com.ulflander.mining.ProcessingExecutor -   |  Processing DocumentTokenizer: Tokenize each sentence, using different strategies depending on language.
16:09:52.970 [main] TRACE com.ulflander.mining.ProcessingExecutor -   |  Processing TokenCounter: Populates token counters with real numbers
16:09:52.970 [main] TRACE com.ulflander.mining.ProcessingExecutor -   |  Processing TokenCleaner: Clean tokens by removing some chars at the beginning or the end of the raw string
16:09:52.971 [main] WARN  com.ulflander.mining.processors.ProcessorsRequirements - Processor extract.TokenRegExpGuesser requires extract.TokenCorpusGuesser
16:09:52.972 [main] ERROR com.ulflander.mining.ProcessingExecutor - Processor [extract.TokenRegExpGuesser] called but requirements not met
16:09:52.972 [main] TRACE com.ulflander.mining.ProcessingExecutor -   - DOCUMENT ANALYSIS ENDED: Done in 11ms
]]></system-out>
  </testcase>
  <testcase name="HashTagComplexTokenTypeTest" classname="com.ulflander.mining.processors.extract.TokenRegExpGuesserTest" time="0.024">
    <failure message="Simple sentence of 4 words with hashtag should return hashtag as fourth token kind expected:&lt;2&gt; but was:&lt;0&gt;" type="java.lang.AssertionError"><![CDATA[java.lang.AssertionError: Simple sentence of 4 words with hashtag should return hashtag as fourth token kind expected:<2> but was:<0>
	at org.junit.Assert.fail(Assert.java:88)
	at org.junit.Assert.failNotEquals(Assert.java:743)
	at org.junit.Assert.assertEquals(Assert.java:118)
	at org.junit.Assert.assertEquals(Assert.java:555)
	at com.ulflander.mining.processors.extract.TokenRegExpGuesserTest.HashTagComplexTokenTypeTest(TokenRegExpGuesserTest.java:108)
]]></failure>
    <system-out><![CDATA[16:09:52.976 [main] DEBUG com.ulflander.MinethatTestService - Minethat starting...
16:09:52.977 [main] TRACE com.ulflander.mining.ProcessingExecutor -   - DOCUMENT ANALYSIS STARTED: My hash is #Hash_08_tag
16:09:52.977 [main] TRACE com.ulflander.mining.ProcessingExecutor -   |  Processing DocumentCleaner: Clean and harmonize some chars on raw text before any treatment (line breaks chars, spaces chars, ...)
16:09:52.977 [main] TRACE com.ulflander.mining.ProcessingExecutor -   |  Processing DocumentSplitter: Split a document raw string to chapters, paragraphs, sentences and tokens
16:09:52.977 [main] TRACE com.ulflander.mining.ProcessingExecutor -   |  Processing LanguageDetector: Detects language of a document on the global document, then on each sentences. Uses https://code.google.com/p/language-detection/
16:09:52.998 [main] TRACE com.ulflander.mining.ProcessingExecutor -   |  Processing DocumentTokenizer: Tokenize each sentence, using different strategies depending on language.
16:09:52.999 [main] TRACE com.ulflander.mining.ProcessingExecutor -   |  Processing TokenCounter: Populates token counters with real numbers
16:09:52.999 [main] TRACE com.ulflander.mining.ProcessingExecutor -   |  Processing TokenCleaner: Clean tokens by removing some chars at the beginning or the end of the raw string
16:09:52.999 [main] WARN  com.ulflander.mining.processors.ProcessorsRequirements - Processor extract.TokenRegExpGuesser requires extract.TokenCorpusGuesser
16:09:52.999 [main] ERROR com.ulflander.mining.ProcessingExecutor - Processor [extract.TokenRegExpGuesser] called but requirements not met
16:09:52.999 [main] TRACE com.ulflander.mining.ProcessingExecutor -   - DOCUMENT ANALYSIS ENDED: Done in 23ms
]]></system-out>
  </testcase>
  <testcase name="Bad2IPTokenTypeTest" classname="com.ulflander.mining.processors.extract.TokenRegExpGuesserTest" time="0.006"/>
  <testcase name="Bad1IPTokenTypeTest" classname="com.ulflander.mining.processors.extract.TokenRegExpGuesserTest" time="0.026"/>
  <testcase name="IPSplitTest" classname="com.ulflander.mining.processors.extract.TokenRegExpGuesserTest" time="0.023"/>
  <testcase name="IPAtEndOfSentenceSplitTest" classname="com.ulflander.mining.processors.extract.TokenRegExpGuesserTest" time="0.012"/>
</testsuite>